<?xml version="1.0" encoding="UTF-8"?>
<!-- Generated by org.testng.reporters.JUnitReportReporter -->
<testsuite hostname="DESKTOP-K6G9LRS" failures="0" tests="1" name="test.IngenieriaMecanicaTest" time="3.046" errors="0" timestamp="2023-08-08T20:12:58 COT" skipped="0">
  <testcase classname="test.IngenieriaMecanicaTest" name="testDatabaseConnectionAndQuery" time="3.046"/>
</testsuite> <!-- test.IngenieriaMecanicaTest -->
