<?xml version="1.0" encoding="UTF-8"?>
<!-- Generated by org.testng.reporters.JUnitReportReporter -->
<testsuite hostname="DESKTOP-GT5EUQ2" failures="0" tests="1" name="test.BaseDeDatosTest" time="4.750" errors="0" timestamp="2023-09-03T16:53:24 COT" skipped="0">
  <testcase classname="test.BaseDeDatosTest" name="testDatabaseConnectionAndQuery" time="4.750"/>
</testsuite> <!-- test.BaseDeDatosTest -->
